<?xml version="1.0" encoding="UTF-8"?>
<coverage generated="1747132814796" clover="3.2.0">
  <project timestamp="1747132814796" name="All files">
    <metrics statements="54" coveredstatements="54" conditionals="5" coveredconditionals="5" methods="13" coveredmethods="13" elements="72" coveredelements="72" complexity="0" loc="54" ncloc="54" packages="2" files="4" classes="4"/>
    <package name="__tests__">
      <metrics statements="3" coveredstatements="3" conditionals="0" coveredconditionals="0" methods="0" coveredmethods="0"/>
      <file name="fixtures.ts" path="/Users/lucas/Documents/tests-from-scratch/packages/node/__tests__/fixtures.ts">
        <metrics statements="3" coveredstatements="3" conditionals="0" coveredconditionals="0" methods="0" coveredmethods="0"/>
        <line num="3" count="1" type="stmt"/>
        <line num="4" count="1" type="stmt"/>
        <line num="6" count="1" type="stmt"/>
      </file>
    </package>
    <package name="src">
      <metrics statements="51" coveredstatements="51" conditionals="5" coveredconditionals="5" methods="13" coveredmethods="13"/>
      <file name="externalApi.ts" path="/Users/lucas/Documents/tests-from-scratch/packages/node/src/externalApi.ts">
        <metrics statements="2" coveredstatements="2" conditionals="0" coveredconditionals="0" methods="1" coveredmethods="1"/>
        <line num="3" count="2" type="stmt"/>
        <line num="6" count="1" type="stmt"/>
      </file>
      <file name="users.ts" path="/Users/lucas/Documents/tests-from-scratch/packages/node/src/users.ts">
        <metrics statements="27" coveredstatements="27" conditionals="4" coveredconditionals="4" methods="4" coveredmethods="4"/>
        <line num="2" count="3" type="stmt"/>
        <line num="3" count="3" type="stmt"/>
        <line num="10" count="3" type="stmt"/>
        <line num="16" count="3" type="stmt"/>
        <line num="17" count="2" type="stmt"/>
        <line num="25" count="3" type="stmt"/>
        <line num="26" count="3" type="stmt"/>
        <line num="27" count="3" type="cond" truecount="1" falsecount="0"/>
        <line num="28" count="1" type="stmt"/>
        <line num="30" count="2" type="stmt"/>
        <line num="31" count="2" type="stmt"/>
        <line num="38" count="3" type="stmt"/>
        <line num="39" count="3" type="stmt"/>
        <line num="40" count="3" type="stmt"/>
        <line num="41" count="3" type="cond" truecount="1" falsecount="0"/>
        <line num="42" count="1" type="stmt"/>
        <line num="44" count="2" type="stmt"/>
        <line num="51" count="3" type="stmt"/>
        <line num="52" count="3" type="stmt"/>
        <line num="53" count="3" type="stmt"/>
        <line num="54" count="3" type="cond" truecount="1" falsecount="0"/>
        <line num="55" count="1" type="stmt"/>
        <line num="57" count="2" type="stmt"/>
        <line num="58" count="2" type="cond" truecount="1" falsecount="0"/>
        <line num="59" count="1" type="stmt"/>
        <line num="61" count="1" type="stmt"/>
        <line num="64" count="3" type="stmt"/>
      </file>
      <file name="usersStore.ts" path="/Users/lucas/Documents/tests-from-scratch/packages/node/src/usersStore.ts">
        <metrics statements="22" coveredstatements="22" conditionals="1" coveredconditionals="1" methods="8" coveredmethods="8"/>
        <line num="6" count="3" type="stmt"/>
        <line num="7" count="3" type="stmt"/>
        <line num="9" count="3" type="stmt"/>
        <line num="10" count="2" type="stmt"/>
        <line num="13" count="3" type="stmt"/>
        <line num="14" count="2" type="stmt"/>
        <line num="15" count="2" type="stmt"/>
        <line num="16" count="2" type="stmt"/>
        <line num="19" count="3" type="stmt"/>
        <line num="20" count="10" type="stmt"/>
        <line num="21" count="10" type="stmt"/>
        <line num="24" count="3" type="stmt"/>
        <line num="25" count="5" type="stmt"/>
        <line num="28" count="3" type="stmt"/>
        <line num="29" count="4" type="stmt"/>
        <line num="30" count="2" type="cond" truecount="1" falsecount="0"/>
        <line num="31" count="1" type="stmt"/>
        <line num="32" count="1" type="stmt"/>
        <line num="34" count="1" type="stmt"/>
        <line num="36" count="3" type="stmt"/>
        <line num="37" count="6" type="stmt"/>
        <line num="38" count="6" type="stmt"/>
      </file>
    </package>
  </project>
</coverage>
