{"/Users/lucas/Documents/tests-from-scratch/packages/node/__tests__/fixtures.ts": {"path":"/Users/lucas/Documents/tests-from-scratch/packages/node/__tests__/fixtures.ts","statementMap":{"0":{"start":{"line":3,"column":13},"end":{"line":3,"column":52}},"1":{"start":{"line":4,"column":13},"end":{"line":4,"column":48}},"2":{"start":{"line":6,"column":13},"end":{"line":6,"column":49}}},"fnMap":{},"branchMap":{},"s":{"0":1,"1":1,"2":1},"f":{},"b":{}}
,"/Users/lucas/Documents/tests-from-scratch/packages/node/src/externalApi.ts": {"path":"/Users/lucas/Documents/tests-from-scratch/packages/node/src/externalApi.ts","statementMap":{"0":{"start":{"line":3,"column":0},"end":{"line":3,"column":7}},"1":{"start":{"line":6,"column":0},"end":{"line":6,"column":44}}},"fnMap":{"0":{"name":"fetchUserData","decl":{"start":{"line":3,"column":22},"end":{"line":3,"column":35}},"loc":{"start":{"line":3,"column":46},"end":{"line":7,"column":1}}}},"branchMap":{},"s":{"0":2,"1":1},"f":{"0":1},"b":{}}
,"/Users/lucas/Documents/tests-from-scratch/packages/node/src/users.ts": {"path":"/Users/lucas/Documents/tests-from-scratch/packages/node/src/users.ts","statementMap":{"0":{"start":{"line":2,"column":0},"end":{"line":2,"column":33}},"1":{"start":{"line":3,"column":0},"end":{"line":3,"column":null}},"2":{"start":{"line":10,"column":15},"end":{"line":10,"column":23}},"3":{"start":{"line":16,"column":0},"end":{"line":18,"column":3}},"4":{"start":{"line":17,"column":2},"end":{"line":17,"column":35}},"5":{"start":{"line":25,"column":0},"end":{"line":32,"column":3}},"6":{"start":{"line":26,"column":19},"end":{"line":26,"column":27}},"7":{"start":{"line":27,"column":2},"end":{"line":29,"column":3}},"8":{"start":{"line":28,"column":4},"end":{"line":28,"column":63}},"9":{"start":{"line":30,"column":15},"end":{"line":30,"column":31}},"10":{"start":{"line":31,"column":2},"end":{"line":31,"column":29}},"11":{"start":{"line":38,"column":0},"end":{"line":45,"column":3}},"12":{"start":{"line":39,"column":13},"end":{"line":39,"column":34}},"13":{"start":{"line":40,"column":15},"end":{"line":40,"column":30}},"14":{"start":{"line":41,"column":2},"end":{"line":43,"column":3}},"15":{"start":{"line":42,"column":4},"end":{"line":42,"column":61}},"16":{"start":{"line":44,"column":2},"end":{"line":44,"column":17}},"17":{"start":{"line":51,"column":0},"end":{"line":62,"column":3}},"18":{"start":{"line":52,"column":13},"end":{"line":52,"column":34}},"19":{"start":{"line":53,"column":19},"end":{"line":53,"column":27}},"20":{"start":{"line":54,"column":2},"end":{"line":56,"column":3}},"21":{"start":{"line":55,"column":4},"end":{"line":55,"column":63}},"22":{"start":{"line":57,"column":18},"end":{"line":57,"column":42}},"23":{"start":{"line":58,"column":2},"end":{"line":60,"column":3}},"24":{"start":{"line":59,"column":4},"end":{"line":59,"column":61}},"25":{"start":{"line":61,"column":2},"end":{"line":61,"column":20}},"26":{"start":{"line":64,"column":0},"end":{"line":64,"column":22}}},"fnMap":{"0":{"name":"(anonymous_0)","decl":{"start":{"line":16,"column":16},"end":{"line":16,"column":17}},"loc":{"start":{"line":16,"column":30},"end":{"line":18,"column":1}}},"1":{"name":"(anonymous_1)","decl":{"start":{"line":25,"column":17},"end":{"line":25,"column":18}},"loc":{"start":{"line":25,"column":30},"end":{"line":32,"column":1}}},"2":{"name":"(anonymous_2)","decl":{"start":{"line":38,"column":19},"end":{"line":38,"column":20}},"loc":{"start":{"line":38,"column":32},"end":{"line":45,"column":1}}},"3":{"name":"(anonymous_3)","decl":{"start":{"line":51,"column":19},"end":{"line":51,"column":20}},"loc":{"start":{"line":51,"column":32},"end":{"line":62,"column":1}}}},"branchMap":{"0":{"loc":{"start":{"line":27,"column":2},"end":{"line":29,"column":3}},"type":"if","locations":[{"start":{"line":27,"column":2},"end":{"line":29,"column":3}}]},"1":{"loc":{"start":{"line":41,"column":2},"end":{"line":43,"column":3}},"type":"if","locations":[{"start":{"line":41,"column":2},"end":{"line":43,"column":3}}]},"2":{"loc":{"start":{"line":54,"column":2},"end":{"line":56,"column":3}},"type":"if","locations":[{"start":{"line":54,"column":2},"end":{"line":56,"column":3}}]},"3":{"loc":{"start":{"line":58,"column":2},"end":{"line":60,"column":3}},"type":"if","locations":[{"start":{"line":58,"column":2},"end":{"line":60,"column":3}}]}},"s":{"0":3,"1":3,"2":3,"3":3,"4":2,"5":3,"6":3,"7":3,"8":1,"9":2,"10":2,"11":3,"12":3,"13":3,"14":3,"15":1,"16":2,"17":3,"18":3,"19":3,"20":3,"21":1,"22":2,"23":2,"24":1,"25":1,"26":3},"f":{"0":2,"1":3,"2":3,"3":3},"b":{"0":[1],"1":[1],"2":[1],"3":[1]}}
,"/Users/lucas/Documents/tests-from-scratch/packages/node/src/usersStore.ts": {"path":"/Users/lucas/Documents/tests-from-scratch/packages/node/src/usersStore.ts","statementMap":{"0":{"start":{"line":9,"column":2},"end":{"line":9,"column":18}},"1":{"start":{"line":13,"column":2},"end":{"line":13,"column":18}},"2":{"start":{"line":19,"column":2},"end":{"line":19,"column":18}},"3":{"start":{"line":24,"column":2},"end":{"line":24,"column":18}},"4":{"start":{"line":28,"column":2},"end":{"line":28,"column":18}},"5":{"start":{"line":36,"column":2},"end":{"line":36,"column":18}},"6":{"start":{"line":6,"column":22},"end":{"line":6,"column":24}},"7":{"start":{"line":7,"column":15},"end":{"line":7,"column":16}},"8":{"start":{"line":10,"column":4},"end":{"line":10,"column":17}},"9":{"start":{"line":14,"column":17},"end":{"line":14,"column":39}},"10":{"start":{"line":15,"column":4},"end":{"line":15,"column":21}},"11":{"start":{"line":16,"column":4},"end":{"line":16,"column":16}},"12":{"start":{"line":20,"column":4},"end":{"line":20,"column":15}},"13":{"start":{"line":21,"column":4},"end":{"line":21,"column":15}},"14":{"start":{"line":25,"column":4},"end":{"line":25,"column":46}},"15":{"start":{"line":25,"column":30},"end":{"line":25,"column":44}},"16":{"start":{"line":29,"column":17},"end":{"line":29,"column":51}},"17":{"start":{"line":29,"column":36},"end":{"line":29,"column":50}},"18":{"start":{"line":30,"column":4},"end":{"line":33,"column":5}},"19":{"start":{"line":31,"column":6},"end":{"line":31,"column":23}},"20":{"start":{"line":32,"column":6},"end":{"line":32,"column":18}},"21":{"start":{"line":34,"column":4},"end":{"line":34,"column":21}},"22":{"start":{"line":37,"column":4},"end":{"line":37,"column":25}},"23":{"start":{"line":38,"column":4},"end":{"line":38,"column":30}}},"fnMap":{"0":{"name":"getUsers","decl":{"start":{"line":9,"column":18},"end":{"line":9,"column":26}},"loc":{"start":{"line":9,"column":26},"end":{"line":11,"column":3}}},"1":{"name":"createUser","decl":{"start":{"line":13,"column":18},"end":{"line":13,"column":28}},"loc":{"start":{"line":13,"column":41},"end":{"line":17,"column":3}}},"2":{"name":"resetStore","decl":{"start":{"line":19,"column":18},"end":{"line":19,"column":28}},"loc":{"start":{"line":19,"column":28},"end":{"line":22,"column":3}}},"3":{"name":"getUserById","decl":{"start":{"line":24,"column":18},"end":{"line":24,"column":29}},"loc":{"start":{"line":24,"column":40},"end":{"line":26,"column":3}}},"4":{"name":"(anonymous_4)","decl":{"start":{"line":25,"column":22},"end":{"line":25,"column":26}},"loc":{"start":{"line":25,"column":30},"end":{"line":25,"column":44}}},"5":{"name":"updateUserName","decl":{"start":{"line":28,"column":18},"end":{"line":28,"column":32}},"loc":{"start":{"line":28,"column":57},"end":{"line":35,"column":3}}},"6":{"name":"(anonymous_6)","decl":{"start":{"line":29,"column":28},"end":{"line":29,"column":32}},"loc":{"start":{"line":29,"column":36},"end":{"line":29,"column":50}}},"7":{"name":"setUsers","decl":{"start":{"line":36,"column":18},"end":{"line":36,"column":26}},"loc":{"start":{"line":36,"column":42},"end":{"line":39,"column":3}}}},"branchMap":{"0":{"loc":{"start":{"line":30,"column":4},"end":{"line":33,"column":5}},"type":"if","locations":[{"start":{"line":30,"column":4},"end":{"line":33,"column":5}}]}},"s":{"0":3,"1":3,"2":3,"3":3,"4":3,"5":3,"6":3,"7":3,"8":2,"9":2,"10":2,"11":2,"12":10,"13":10,"14":3,"15":5,"16":2,"17":4,"18":2,"19":1,"20":1,"21":1,"22":6,"23":6},"f":{"0":2,"1":2,"2":10,"3":3,"4":5,"5":2,"6":4,"7":6},"b":{"0":[1]}}
}
