TN:
SF:__tests__/fixtures.ts
FNF:0
FNH:0
DA:3,1
DA:4,1
DA:6,1
LF:3
LH:3
BRF:0
BRH:0
end_of_record
TN:
SF:src/externalApi.ts
FN:3,fetchUserData
FNF:1
FNH:1
FNDA:1,fetchUserData
DA:3,2
DA:6,1
LF:2
LH:2
BRF:0
BRH:0
end_of_record
TN:
SF:src/users.ts
FN:16,(anonymous_0)
FN:25,(anonymous_1)
FN:38,(anonymous_2)
FN:51,(anonymous_3)
FNF:4
FNH:4
FNDA:2,(anonymous_0)
FNDA:3,(anonymous_1)
FNDA:3,(anonymous_2)
FNDA:3,(anonymous_3)
DA:2,3
DA:3,3
DA:10,3
DA:16,3
DA:17,2
DA:25,3
DA:26,3
DA:27,3
DA:28,1
DA:30,2
DA:31,2
DA:38,3
DA:39,3
DA:40,3
DA:41,3
DA:42,1
DA:44,2
DA:51,3
DA:52,3
DA:53,3
DA:54,3
DA:55,1
DA:57,2
DA:58,2
DA:59,1
DA:61,1
DA:64,3
LF:27
LH:27
BRDA:27,0,0,1
BRDA:41,1,0,1
BRDA:54,2,0,1
BRDA:58,3,0,1
BRF:4
BRH:4
end_of_record
TN:
SF:src/usersStore.ts
FN:9,getUsers
FN:13,createUser
FN:19,resetStore
FN:24,getUserById
FN:25,(anonymous_4)
FN:28,updateUserName
FN:29,(anonymous_6)
FN:36,setUsers
FNF:8
FNH:8
FNDA:2,getUsers
FNDA:2,createUser
FNDA:10,resetStore
FNDA:3,getUserById
FNDA:5,(anonymous_4)
FNDA:2,updateUserName
FNDA:4,(anonymous_6)
FNDA:6,setUsers
DA:6,3
DA:7,3
DA:9,3
DA:10,2
DA:13,3
DA:14,2
DA:15,2
DA:16,2
DA:19,3
DA:20,10
DA:21,10
DA:24,3
DA:25,5
DA:28,3
DA:29,4
DA:30,2
DA:31,1
DA:32,1
DA:34,1
DA:36,3
DA:37,6
DA:38,6
LF:22
LH:22
BRDA:30,0,0,1
BRF:1
BRH:1
end_of_record
